<?xml version="1.0" encoding="UTF-8"?>
<testng-results ignored="0" total="1" passed="1" failed="0" skipped="0">
  <reporter-output>
  </reporter-output>
  <suite started-at="2022-09-30T21:31:41 IST" name="Suite" finished-at="2022-09-30T21:32:04 IST" duration-ms="22775">
    <groups>
    </groups>
    <test started-at="2022-09-30T21:31:41 IST" name="Test" finished-at="2022-09-30T21:32:04 IST" duration-ms="22775">
      <class name="hrmdatabase.OrangeHRMTests">
        <test-method is-config="true" signature="setUp()[pri:0, instance:hrmdatabase.OrangeHRMTests@550dbc7a]" started-at="2022-09-30T21:31:41 IST" name="setUp" finished-at="2022-09-30T21:31:47 IST" duration-ms="6188" status="PASS">
          <reporter-output>
          </reporter-output>
        </test-method> <!-- setUp -->
        <test-method signature="loginLogout()[pri:0, instance:hrmdatabase.OrangeHRMTests@550dbc7a]" started-at="2022-09-30T21:31:47 IST" name="loginLogout" finished-at="2022-09-30T21:32:03 IST" duration-ms="16214" status="PASS">
          <reporter-output>
          </reporter-output>
        </test-method> <!-- loginLogout -->
        <test-method is-config="true" signature="tearDown()[pri:0, instance:hrmdatabase.OrangeHRMTests@550dbc7a]" started-at="2022-09-30T21:32:03 IST" name="tearDown" finished-at="2022-09-30T21:32:04 IST" duration-ms="321" status="PASS">
          <reporter-output>
          </reporter-output>
        </test-method> <!-- tearDown -->
      </class> <!-- hrmdatabase.OrangeHRMTests -->
    </test> <!-- Test -->
  </suite> <!-- Suite -->
</testng-results>
